# JRE version: Java(TM) SE Runtime Environment (9.0+11) (build 9.0.1+11)
# Java VM: Java HotSpot(TM) 64-Bit Server VM (9.0.1+11, mixed mode, tiered, compressed oops, g1 gc, windows-amd64)
Heap:
 garbage-first heap   total 460800K, used 29799K [0x00000000c1600000, 0x00000000c1700e10, 0x0000000100000000)
  region size 1024K, 25 young (25600K), 3 survivors (3072K)
 Metaspace       used 19197K, capacity 20855K, committed 20992K, reserved 1069056K
  class space    used 1736K, capacity 2027K, committed 2048K, reserved 1048576K
GC Heap History (6 events):
Event: 2.532 GC heap before
{Heap before GC invocations=0 (full 0):
 garbage-first heap   total 460800K, used 22528K [0x00000000c1600000, 0x00000000c1700e10, 0x0000000100000000)
  region size 1024K, 22 young (22528K), 0 survivors (0K)
 Metaspace       used 10795K, capacity 11422K, committed 11648K, reserved 1060864K
  class space    used 1018K, capacity 1152K, committed 1152K, reserved 1048576K
}
Event: 2.551 GC heap after
{Heap after GC invocations=1 (full 0):
 garbage-first heap   total 460800K, used 3698K [0x00000000c1600000, 0x00000000c1700e10, 0x0000000100000000)
  region size 1024K, 3 young (3072K), 3 survivors (3072K)
 Metaspace       used 10795K, capacity 11422K, committed 11648K, reserved 1060864K
  class space    used 1018K, capacity 1152K, committed 1152K, reserved 1048576K
}
Event: 4.664 GC heap before
{Heap before GC invocations=1 (full 0):
 garbage-first heap   total 460800K, used 24178K [0x00000000c1600000, 0x00000000c1700e10, 0x0000000100000000)
  region size 1024K, 23 young (23552K), 3 survivors (3072K)
 Metaspace       used 15749K, capacity 16895K, committed 17024K, reserved 1064960K
  class space    used 1377K, capacity 1603K, committed 1664K, reserved 1048576K
}
Event: 4.680 GC heap after
{Heap after GC invocations=2 (full 0):
 garbage-first heap   total 460800K, used 6962K [0x00000000c1600000, 0x00000000c1700e10, 0x0000000100000000)
  region size 1024K, 3 young (3072K), 3 survivors (3072K)
 Metaspace       used 15749K, capacity 16895K, committed 17024K, reserved 1064960K
  class space    used 1377K, capacity 1603K, committed 1664K, reserved 1048576K
}
Event: 36.365 GC heap before
{Heap before GC invocations=2 (full 0):
 garbage-first heap   total 460800K, used 40754K [0x00000000c1600000, 0x00000000c1700e10, 0x0000000100000000)
  region size 1024K, 35 young (35840K), 3 survivors (3072K)
 Metaspace       used 19102K, capacity 20727K, committed 20992K, reserved 1069056K
  class space    used 1735K, capacity 2027K, committed 2048K, reserved 1048576K
}
Event: 36.390 GC heap after
{Heap after GC invocations=3 (full 0):
 garbage-first heap   total 460800K, used 8295K [0x00000000c1600000, 0x00000000c1700e10, 0x0000000100000000)
  region size 1024K, 3 young (3072K), 3 survivors (3072K)
 Metaspace       used 19102K, capacity 20727K, committed 20992K, reserved 1069056K
  class space    used 1735K, capacity 2027K, committed 2048K, reserved 1048576K
}

